2024-10-13 17:05:13,678 INFO o.a.j.u.JMeterUtils: Setting Locale to en_EN
2024-10-13 17:05:13,720 INFO o.a.j.JMeter: Loading user properties from: /usr/local/Cellar/jmeter/5.6.3/libexec/bin/user.properties
2024-10-13 17:05:13,721 INFO o.a.j.JMeter: Loading system properties from: /usr/local/Cellar/jmeter/5.6.3/libexec/bin/system.properties
2024-10-13 17:05:13,729 INFO o.a.j.JMeter: Copyright (c) 1998-2024 The Apache Software Foundation
2024-10-13 17:05:13,729 INFO o.a.j.JMeter: Version 5.6.3
2024-10-13 17:05:13,729 INFO o.a.j.JMeter: java.version=21.0.4
2024-10-13 17:05:13,729 INFO o.a.j.JMeter: java.vm.name=OpenJDK 64-Bit Server VM
2024-10-13 17:05:13,729 INFO o.a.j.JMeter: os.name=Mac OS X
2024-10-13 17:05:13,730 INFO o.a.j.JMeter: os.arch=x86_64
2024-10-13 17:05:13,730 INFO o.a.j.JMeter: os.version=15.0.1
2024-10-13 17:05:13,730 INFO o.a.j.JMeter: file.encoding=UTF-8
2024-10-13 17:05:13,730 INFO o.a.j.JMeter: java.awt.headless=null
2024-10-13 17:05:13,730 INFO o.a.j.JMeter: Max memory     =1073741824
2024-10-13 17:05:13,731 INFO o.a.j.JMeter: Available Processors =8
2024-10-13 17:05:13,744 INFO o.a.j.JMeter: Default Locale=English (EN)
2024-10-13 17:05:13,744 INFO o.a.j.JMeter: JMeter  Locale=English (EN)
2024-10-13 17:05:13,745 INFO o.a.j.JMeter: JMeterHome=/usr/local/Cellar/jmeter/5.6.3/libexec
2024-10-13 17:05:13,745 INFO o.a.j.JMeter: user.dir  =/Users/val/Code/Repositories/MyPortfolio
2024-10-13 17:05:13,745 INFO o.a.j.JMeter: PWD       =/Users/val/Code/Repositories/MyPortfolio
2024-10-13 17:05:13,758 INFO o.a.j.JMeter: IP: 192.168.0.114 Name: Macbook-Val FullName: 192.168.0.114
2024-10-13 17:05:13,784 INFO o.a.j.JMeter: Loaded icon properties from org/apache/jmeter/images/icon.properties
2024-10-13 17:05:17,070 INFO o.a.j.JMeterGuiLauncher: Setting LAF to: com.github.weisj.darklaf.DarkLaf:com.github.weisj.darklaf.theme.DarculaTheme
2024-10-13 17:05:20,864 INFO o.a.j.r.ClassFinder: Will scan jar /usr/local/Cellar/jmeter/5.6.3/libexec/lib/ext/jmeter-plugins-manager-1.9.jar with filter ExtendsClassFilter [parents=[interface org.apache.jmeter.gui.action.Command], inner=false, contains=null, notContains=null]. Consider exposing JMeter plugins via META-INF/services, and add JMeter-Skip-Class-Scanning=true manifest attribute so JMeter can skip classfile scanning
2024-10-13 17:05:21,081 INFO o.a.j.r.ClassFinder: Will scan jar /usr/local/Cellar/jmeter/5.6.3/libexec/lib/ext/jmeter-plugins-manager-1.9.jar with filter ExtendsClassFilter [parents=[interface org.apache.jmeter.gui.plugin.MenuCreator], inner=false, contains=null, notContains=null]. Consider exposing JMeter plugins via META-INF/services, and add JMeter-Skip-Class-Scanning=true manifest attribute so JMeter can skip classfile scanning
2024-10-13 17:05:21,238 INFO o.j.r.JARSourceHTTP: Requesting https://jmeter-plugins.org/repo/?installID=mac_os_x-0a10653c58ca593d8fe78c344acca7c6-gui
2024-10-13 17:05:23,403 INFO o.j.r.PluginManager: Plugins Status: [jpgc-plugins-manager=1.9, jmeter-core=5.6.3, jmeter-ftp=5.6.3, jmeter-http=5.6.3, jmeter-jdbc=5.6.3, jmeter-jms=5.6.3, jmeter-junit=5.6.3, jmeter-java=5.6.3, jmeter-ldap=5.6.3, jmeter-mail=5.6.3, jmeter-mongodb=5.6.3, jmeter-native=5.6.3, jmeter-tcp=5.6.3, jmeter-components=5.6.3]
2024-10-13 17:05:23,405 INFO o.j.r.PluginManagerMenuItem: Plugins Manager has upgrades: [jpgc-plugins-manager]
